<?xml version="1.0" encoding="UTF-8"?>
<testng-results total="7" passed="7" failed="0" skipped="0">
  <reporter-output>
  </reporter-output>
  <suite started-at="2024-08-26T22:21:25Z" name="Test Suite for Buildout" finished-at="2024-08-26T22:27:45Z" duration-ms="379541">
    <groups>
    </groups>
    <test started-at="2024-08-26T22:21:25Z" name="Test Cases for Buildout" finished-at="2024-08-26T22:27:45Z" duration-ms="379541">
      <class name="demo.TestCases">
        <test-method is-config="true" signature="startBrowser()[pri:0, instance:demo.TestCases@7f132176]" started-at="2024-08-27T03:51:25Z" name="startBrowser" finished-at="2024-08-27T03:51:27Z" duration-ms="1870" status="PASS">
          <reporter-output>
          </reporter-output>
        </test-method> <!-- startBrowser -->
        <test-method is-config="true" signature="setUp()[pri:0, instance:demo.TestCases@7f132176]" started-at="2024-08-27T03:51:27Z" name="setUp" finished-at="2024-08-27T03:51:33Z" duration-ms="5692" status="PASS">
          <reporter-output>
          </reporter-output>
        </test-method> <!-- setUp -->
        <test-method signature="testCase01()[pri:0, instance:demo.TestCases@7f132176]" started-at="2024-08-27T03:51:33Z" name="testCase01" description="Verify the functionality of testCase01" finished-at="2024-08-27T03:51:35Z" duration-ms="2387" status="PASS">
          <reporter-output>
          </reporter-output>
        </test-method> <!-- testCase01 -->
        <test-method is-config="true" signature="setUp()[pri:0, instance:demo.TestCases@7f132176]" started-at="2024-08-27T03:51:35Z" name="setUp" finished-at="2024-08-27T03:51:39Z" duration-ms="3699" status="PASS">
          <reporter-output>
          </reporter-output>
        </test-method> <!-- setUp -->
        <test-method signature="testCase02()[pri:0, instance:demo.TestCases@7f132176]" started-at="2024-08-27T03:51:39Z" name="testCase02" description="verify functionality of testCase02" finished-at="2024-08-27T03:52:52Z" duration-ms="73033" status="PASS">
          <reporter-output>
          </reporter-output>
        </test-method> <!-- testCase02 -->
        <test-method is-config="true" signature="setUp()[pri:0, instance:demo.TestCases@7f132176]" started-at="2024-08-27T03:52:52Z" name="setUp" finished-at="2024-08-27T03:52:57Z" duration-ms="5160" status="PASS">
          <reporter-output>
          </reporter-output>
        </test-method> <!-- setUp -->
        <test-method signature="testCase03()[pri:0, instance:demo.TestCases@7f132176]" started-at="2024-08-27T03:52:57Z" name="testCase03" description="verify the functionality of testCase03" finished-at="2024-08-27T03:54:12Z" duration-ms="75207" status="PASS">
          <reporter-output>
          </reporter-output>
        </test-method> <!-- testCase03 -->
        <test-method is-config="true" signature="setUp()[pri:0, instance:demo.TestCases@7f132176]" started-at="2024-08-27T03:54:12Z" name="setUp" finished-at="2024-08-27T03:54:17Z" duration-ms="5072" status="PASS">
          <reporter-output>
          </reporter-output>
        </test-method> <!-- setUp -->
        <test-method signature="testCase04()[pri:0, instance:demo.TestCases@7f132176]" started-at="2024-08-27T03:54:17Z" name="testCase04" description="verify the functionality of testCase04" finished-at="2024-08-27T03:54:45Z" duration-ms="27122" status="PASS">
          <reporter-output>
          </reporter-output>
        </test-method> <!-- testCase04 -->
        <test-method is-config="true" signature="setUp()[pri:0, instance:demo.TestCases@7f132176]" started-at="2024-08-27T03:54:45Z" name="setUp" finished-at="2024-08-27T03:54:50Z" duration-ms="5566" status="PASS">
          <reporter-output>
          </reporter-output>
        </test-method> <!-- setUp -->
        <test-method signature="testCase05(java.lang.String)[pri:0, instance:demo.TestCases@7f132176]" started-at="2024-08-27T03:54:50Z" name="testCase05" description="Verify functionality of tescase05" data-provider="excelData" finished-at="2024-08-27T03:55:40Z" duration-ms="49990" status="PASS">
          <params>
            <param index="0">
              <value>
                <![CDATA[Movies]]>
              </value>
            </param>
          </params>
          <reporter-output>
          </reporter-output>
        </test-method> <!-- testCase05 -->
        <test-method is-config="true" signature="setUp()[pri:0, instance:demo.TestCases@7f132176]" started-at="2024-08-27T03:55:40Z" name="setUp" finished-at="2024-08-27T03:55:46Z" duration-ms="5286" status="PASS">
          <reporter-output>
          </reporter-output>
        </test-method> <!-- setUp -->
        <test-method signature="testCase05(java.lang.String)[pri:0, instance:demo.TestCases@7f132176]" started-at="2024-08-27T03:55:46Z" name="testCase05" description="Verify functionality of tescase05" data-provider="excelData" finished-at="2024-08-27T03:56:18Z" duration-ms="32183" status="PASS">
          <params>
            <param index="0">
              <value>
                <![CDATA[Music]]>
              </value>
            </param>
          </params>
          <reporter-output>
          </reporter-output>
        </test-method> <!-- testCase05 -->
        <test-method is-config="true" signature="setUp()[pri:0, instance:demo.TestCases@7f132176]" started-at="2024-08-27T03:56:18Z" name="setUp" finished-at="2024-08-27T03:56:23Z" duration-ms="5114" status="PASS">
          <reporter-output>
          </reporter-output>
        </test-method> <!-- setUp -->
        <test-method signature="testCase05(java.lang.String)[pri:0, instance:demo.TestCases@7f132176]" started-at="2024-08-27T03:56:23Z" name="testCase05" description="Verify functionality of tescase05" data-provider="excelData" finished-at="2024-08-27T03:57:45Z" duration-ms="81504" status="PASS">
          <params>
            <param index="0">
              <value>
                <![CDATA[Games]]>
              </value>
            </param>
          </params>
          <reporter-output>
          </reporter-output>
        </test-method> <!-- testCase05 -->
        <test-method is-config="true" signature="endTest()[pri:0, instance:demo.TestCases@7f132176]" started-at="2024-08-27T03:57:45Z" name="endTest" finished-at="2024-08-27T03:57:45Z" duration-ms="231" status="PASS">
          <reporter-output>
          </reporter-output>
        </test-method> <!-- endTest -->
      </class> <!-- demo.TestCases -->
    </test> <!-- Test Cases for Buildout -->
  </suite> <!-- Test Suite for Buildout -->
</testng-results>
